{
  "stats": {
    "suites": 1,
    "tests": 5,
    "passes": 5,
    "pending": 0,
    "failures": 0,
    "start": "2026-02-07T14:04:33.207Z",
    "end": "2026-02-07T14:05:08.504Z",
    "duration": 35297,
    "testsRegistered": 5,
    "passPercent": 100,
    "pendingPercent": 0,
    "other": 0,
    "hasOther": false,
    "skipped": 0,
    "hasSkipped": false
  },
  "results": [
    {
      "uuid": "d3a3d5bd-36e6-4b22-bc73-50f8ba7c012f",
      "title": "",
      "fullFile": "cypress\\e2e\\Employer\\registration.cy.js",
      "file": "cypress\\e2e\\Employer\\registration.cy.js",
      "beforeHooks": [],
      "afterHooks": [],
      "tests": [],
      "suites": [
        {
          "uuid": "cea9de73-4ab5-4518-8739-80b5f63daaa6",
          "title": "Employer Registration",
          "fullFile": "",
          "file": "",
          "beforeHooks": [],
          "afterHooks": [],
          "tests": [
            {
              "title": "should complete employer registration with OTP using Phone Number",
              "fullTitle": "Employer Registration should complete employer registration with OTP using Phone Number",
              "timedOut": null,
              "duration": 12299,
              "state": "passed",
              "speed": "slow",
              "pass": true,
              "fail": false,
              "pending": false,
              "context": null,
              "code": "// Generate random 10-digit phone number\nconst phoneNumber = '98' + Math.floor(Math.random() * 10000000).toString().padStart(8, '0');\ncy.log('Generated Phone Number:', phoneNumber);\n// Step 1: Enter phone/email and send OTP\ncy.get('input[placeholder=\"Enter a valid phone number or email\"]').type(phoneNumber);\ncy.contains('Send OTP').click();\ncy.wait(5000); // give backend time to store OTP\n// Step 2: Fetch latest OTP from API\ncy.request({\n  method: 'POST',\n  url: 'https://staging.veloxlabs.net/api/v2/get-latest-otp',\n  body: {\n    identifier: phoneNumber\n  }\n  //  failOnStatusCode: false\n}).then(response => {\n  expect(response.status).to.eq(200);\n  const otp = response.body.data.otp;\n  cy.log('Fetched OTP:', otp);\n  // Step 3: Enter OTP in UI\n  cy.get('input.MuiInputBase-input.MuiOutlinedInput-input').eq(0).type(otp);\n});\n//Verify OTP\ncy.get(':nth-child(2) > div > .MuiButtonBase-root').click();\n// Step 4: Fill password\ncy.get('input[placeholder=\"Enter password\"]').type('Roshan@123');\ncy.get('input[placeholder=\"Confirm password\"]').type('Roshan@123');\n// Step 5: Submit registration\ncy.contains('Submit Password').click();",
              "err": {},
              "uuid": "3d2fdd03-3c1e-4e34-969f-c234260c83ba",
              "parentUUID": "cea9de73-4ab5-4518-8739-80b5f63daaa6",
              "isHook": false,
              "skipped": false
            },
            {
              "title": "should complete employer registration with OTP using Email",
              "fullTitle": "Employer Registration should complete employer registration with OTP using Email",
              "timedOut": null,
              "duration": 13978,
              "state": "passed",
              "speed": "slow",
              "pass": true,
              "fail": false,
              "pending": false,
              "context": null,
              "code": "// Generate random email\nconst email = 'employer' + Math.floor(Math.random() * 1000000) + '@test.com';\ncy.log('Generated Email:', email);\n// Step 1: Enter phone/email and send OTP\ncy.get('input[placeholder=\"Enter a valid phone number or email\"]').type(email);\ncy.contains('Send OTP').click();\ncy.wait(5000); // give backend time to store OTP\n// Step 2: Fetch latest OTP from API\ncy.request({\n  method: 'POST',\n  url: 'https://staging.veloxlabs.net/api/v2/get-latest-otp',\n  body: {\n    identifier: email\n  }\n  //  failOnStatusCode: false\n}).then(response => {\n  expect(response.status).to.eq(200);\n  const otp = response.body.data.otp;\n  cy.log('Fetched OTP:', otp);\n  // Step 3: Enter OTP in UI\n  cy.get('input.MuiInputBase-input.MuiOutlinedInput-input').eq(0).type(otp);\n});\n//Verify OTP\ncy.get(':nth-child(2) > div > .MuiButtonBase-root').click();\n// Step 4: Fill password\ncy.get('input[placeholder=\"Enter password\"]').type('Roshan@123');\ncy.get('input[placeholder=\"Confirm password\"]').type('Roshan@123');\n// Step 5: Submit registration\ncy.contains('Submit Password').click();",
              "err": {},
              "uuid": "0caae8ee-36cc-4c1d-b316-10f948b586c3",
              "parentUUID": "cea9de73-4ab5-4518-8739-80b5f63daaa6",
              "isHook": false,
              "skipped": false
            },
            {
              "title": "should fail registration with invalid phone number format",
              "fullTitle": "Employer Registration should fail registration with invalid phone number format",
              "timedOut": null,
              "duration": 3467,
              "state": "passed",
              "speed": "fast",
              "pass": true,
              "fail": false,
              "pending": false,
              "context": null,
              "code": "const invalidPhone = '123';\ncy.log('Using Invalid Phone:', invalidPhone);\n// Step 1: Enter invalid phone and send OTP\ncy.get('input[placeholder=\"Enter a valid phone number or email\"]').type(invalidPhone);\ncy.contains('Send OTP').click();\ncy.get('.MuiFormHelperText-root').should('be.visible');",
              "err": {},
              "uuid": "c02f684b-d483-4ea4-903f-4e662783d7cf",
              "parentUUID": "cea9de73-4ab5-4518-8739-80b5f63daaa6",
              "isHook": false,
              "skipped": false
            },
            {
              "title": "should fail registration with invalid email format",
              "fullTitle": "Employer Registration should fail registration with invalid email format",
              "timedOut": null,
              "duration": 4027,
              "state": "passed",
              "speed": "fast",
              "pass": true,
              "fail": false,
              "pending": false,
              "context": null,
              "code": "const invalidEmail = 'invalidemail';\ncy.log('Using Invalid Email:', invalidEmail);\n// Step 1: Enter invalid email and send OTP\ncy.get('input[placeholder=\"Enter a valid phone number or email\"]').type(invalidEmail);\ncy.contains('Send OTP').click();\ncy.get('.MuiFormHelperText-root').should('be.visible');\n//cy.wait(5000)",
              "err": {},
              "uuid": "66994017-d031-4c67-a7d6-9446efb02eef",
              "parentUUID": "cea9de73-4ab5-4518-8739-80b5f63daaa6",
              "isHook": false,
              "skipped": false
            },
            {
              "title": "should fail registration with non-existent phone number",
              "fullTitle": "Employer Registration should fail registration with non-existent phone number",
              "timedOut": null,
              "duration": 1244,
              "state": "passed",
              "speed": "fast",
              "pass": true,
              "fail": false,
              "pending": false,
              "context": null,
              "code": "const fakePhone = '9999999999';\ncy.log('Using Non-existent Phone:', fakePhone);\n// Step 1: Enter non-existent phone and send OTP\ncy.get('input[placeholder=\"Enter a valid phone number or email\"]').type(fakePhone);\ncy.contains('Send OTP').click();\n//cy.wait(5000)\ncy.get('.MuiFormHelperText-root').should('be.visible');",
              "err": {},
              "uuid": "83219a7a-154b-4aa4-b8a0-08b0f0d6774a",
              "parentUUID": "cea9de73-4ab5-4518-8739-80b5f63daaa6",
              "isHook": false,
              "skipped": false
            }
          ],
          "suites": [],
          "passes": [
            "3d2fdd03-3c1e-4e34-969f-c234260c83ba",
            "0caae8ee-36cc-4c1d-b316-10f948b586c3",
            "c02f684b-d483-4ea4-903f-4e662783d7cf",
            "66994017-d031-4c67-a7d6-9446efb02eef",
            "83219a7a-154b-4aa4-b8a0-08b0f0d6774a"
          ],
          "failures": [],
          "pending": [],
          "skipped": [],
          "duration": 35015,
          "root": false,
          "rootEmpty": false,
          "_timeout": 2000
        }
      ],
      "passes": [],
      "failures": [],
      "pending": [],
      "skipped": [],
      "duration": 0,
      "root": true,
      "rootEmpty": true,
      "_timeout": 2000
    }
  ],
  "meta": {
    "mocha": {
      "version": "7.0.1"
    },
    "mochawesome": {
      "options": {
        "quiet": false,
        "reportFilename": "report-[datetime]",
        "saveHtml": true,
        "saveJson": true,
        "consoleReporter": "spec",
        "useInlineDiffs": false,
        "code": true
      },
      "version": "7.1.4"
    },
    "marge": {
      "options": {
        "reportDir": "cypress/reports",
        "reportFilename": "report-[datetime]",
        "datetime": "mmddyyyy_HHMMss",
        "html": true,
        "json": true
      },
      "version": "6.3.2"
    }
  }
}